Base path: 'C:/Program Files/Unity/Hub/Editor/2019.4.9f1/Editor/Data', plugins path 'C:/Program Files/Unity/Hub/Editor/2019.4.9f1/Editor/Data/PlaybackEngines'
Cmd: initializeCompiler
Cmd: preprocess
  insize=7844 outsize=2494 ok=1
Cmd: preprocess
  insize=3608 outsize=1262 ok=1
Cmd: preprocess
  insize=3615 outsize=2668 ok=1
Cmd: preprocess
  insize=1459 outsize=461 ok=1
Cmd: preprocess
  insize=4453 outsize=3687 ok=1
Cmd: preprocess
  insize=3606 outsize=1310 ok=1
Cmd: preprocess
  insize=10352 outsize=3956 ok=1
Cmd: preprocess
  insize=8019 outsize=2766 ok=1
Cmd: preprocess
  insize=10864 outsize=3992 ok=1
Cmd: preprocess
  insize=3652 outsize=1674 ok=1
Cmd: preprocess
  insize=7870 outsize=2504 ok=1
Cmd: preprocess
  insize=2420 outsize=1129 ok=1
Cmd: preprocess
  insize=280858 outsize=7543 ok=1
Cmd: preprocess
  insize=131873 outsize=4353 ok=1
Cmd: preprocess
  insize=213235 outsize=7386 ok=1
Cmd: preprocess
  insize=214264 outsize=7387 ok=1
Cmd: preprocess
  insize=116773 outsize=4119 ok=1
Cmd: preprocess
  insize=132261 outsize=4481 ok=1
Cmd: preprocess
  insize=234330 outsize=7447 ok=1
Cmd: preprocess
  insize=233778 outsize=7360 ok=1
Cmd: preprocess
  insize=201412 outsize=7144 ok=1
Cmd: preprocess
  insize=213235 outsize=7386 ok=1
Cmd: compileSnippet
  api=4 type=0 insize=9934 outsize=682 kw= pd=UNITY_ENABLE_REFLECTION_BUFFERS UNITY_USE_DITHER_MASK_FOR_ALPHABLENDED_SHADOWS UNITY_PBS_USE_BRDF1 UNITY_SPECCUBE_BOX_PROJECTION UNITY_SPECCUBE_BLENDING UNITY_ENABLE_DETAIL_NORMALMAP SHADER_API_DESKTOP UNITY_LIGHT_PROBE_PROXY_VOLUME UNITY_LIGHTMAP_FULL_HDR ok=1
Cmd: compileSnippet
  api=4 type=1 insize=9934 outsize=13226 kw= pd=UNITY_ENABLE_REFLECTION_BUFFERS UNITY_USE_DITHER_MASK_FOR_ALPHABLENDED_SHADOWS UNITY_PBS_USE_BRDF1 UNITY_SPECCUBE_BOX_PROJECTION UNITY_SPECCUBE_BLENDING UNITY_ENABLE_DETAIL_NORMALMAP SHADER_API_DESKTOP UNITY_LIGHT_PROBE_PROXY_VOLUME UNITY_LIGHTMAP_FULL_HDR ok=1
Cmd: compileSnippet
  api=4 type=0 insize=970 outsize=682 kw= pd=UNITY_ENABLE_REFLECTION_BUFFERS UNITY_USE_DITHER_MASK_FOR_ALPHABLENDED_SHADOWS UNITY_PBS_USE_BRDF1 UNITY_SPECCUBE_BOX_PROJECTION UNITY_SPECCUBE_BLENDING UNITY_ENABLE_DETAIL_NORMALMAP SHADER_API_DESKTOP UNITY_LIGHT_PROBE_PROXY_VOLUME UNITY_LIGHTMAP_FULL_HDR ok=1
Cmd: compileSnippet
  api=4 type=1 insize=970 outsize=326 kw= pd=UNITY_ENABLE_REFLECTION_BUFFERS UNITY_USE_DITHER_MASK_FOR_ALPHABLENDED_SHADOWS UNITY_PBS_USE_BRDF1 UNITY_SPECCUBE_BOX_PROJECTION UNITY_SPECCUBE_BLENDING UNITY_ENABLE_DETAIL_NORMALMAP SHADER_API_DESKTOP UNITY_LIGHT_PROBE_PROXY_VOLUME UNITY_LIGHTMAP_FULL_HDR ok=1
Cmd: compileSnippet
  api=4 type=0 insize=1248 outsize=650 kw= pd=UNITY_ENABLE_REFLECTION_BUFFERS UNITY_USE_DITHER_MASK_FOR_ALPHABLENDED_SHADOWS UNITY_PBS_USE_BRDF1 UNITY_SPECCUBE_BOX_PROJECTION UNITY_SPECCUBE_BLENDING UNITY_ENABLE_DETAIL_NORMALMAP SHADER_API_DESKTOP UNITY_LIGHT_PROBE_PROXY_VOLUME UNITY_LIGHTMAP_FULL_HDR ok=1
Cmd: compileSnippet
  api=4 type=1 insize=1248 outsize=882 kw= pd=UNITY_ENABLE_REFLECTION_BUFFERS UNITY_USE_DITHER_MASK_FOR_ALPHABLENDED_SHADOWS UNITY_PBS_USE_BRDF1 UNITY_SPECCUBE_BOX_PROJECTION UNITY_SPECCUBE_BLENDING UNITY_ENABLE_DETAIL_NORMALMAP SHADER_API_DESKTOP UNITY_LIGHT_PROBE_PROXY_VOLUME UNITY_LIGHTMAP_FULL_HDR ok=1
Cmd: compileSnippet
  api=4 type=0 insize=771 outsize=622 kw= pd=UNITY_ENABLE_REFLECTION_BUFFERS UNITY_USE_DITHER_MASK_FOR_ALPHABLENDED_SHADOWS UNITY_PBS_USE_BRDF1 UNITY_SPECCUBE_BOX_PROJECTION UNITY_SPECCUBE_BLENDING UNITY_ENABLE_DETAIL_NORMALMAP SHADER_API_DESKTOP UNITY_LIGHT_PROBE_PROXY_VOLUME UNITY_LIGHTMAP_FULL_HDR ok=1
Cmd: compileSnippet
  api=4 type=1 insize=771 outsize=250 kw= pd=UNITY_ENABLE_REFLECTION_BUFFERS UNITY_USE_DITHER_MASK_FOR_ALPHABLENDED_SHADOWS UNITY_PBS_USE_BRDF1 UNITY_SPECCUBE_BOX_PROJECTION UNITY_SPECCUBE_BLENDING UNITY_ENABLE_DETAIL_NORMALMAP SHADER_API_DESKTOP UNITY_LIGHT_PROBE_PROXY_VOLUME UNITY_LIGHTMAP_FULL_HDR ok=1
Cmd: compileSnippet
  api=4 type=0 insize=6767 outsize=502 kw= pd=UNITY_ENABLE_REFLECTION_BUFFERS UNITY_USE_DITHER_MASK_FOR_ALPHABLENDED_SHADOWS UNITY_PBS_USE_BRDF1 UNITY_SPECCUBE_BOX_PROJECTION UNITY_SPECCUBE_BLENDING UNITY_ENABLE_DETAIL_NORMALMAP SHADER_API_DESKTOP UNITY_LIGHT_PROBE_PROXY_VOLUME UNITY_LIGHTMAP_FULL_HDR ok=1
Cmd: compileSnippet
  api=4 type=1 insize=6767 outsize=710 kw= pd=UNITY_ENABLE_REFLECTION_BUFFERS UNITY_USE_DITHER_MASK_FOR_ALPHABLENDED_SHADOWS UNITY_PBS_USE_BRDF1 UNITY_SPECCUBE_BOX_PROJECTION UNITY_SPECCUBE_BLENDING UNITY_ENABLE_DETAIL_NORMALMAP SHADER_API_DESKTOP UNITY_LIGHT_PROBE_PROXY_VOLUME UNITY_LIGHTMAP_FULL_HDR ok=1
Cmd: preprocessCompute
  insize=7857 outsize=7859 ok=1
Cmd: compileComputeKernel
  api=4 insize=7859 outsize=2517 ok=1
Cmd: preprocessCompute
  insize=10528 outsize=10530 ok=1
Cmd: compileComputeKernel
  api=4 insize=10530 outsize=8566 ok=1
Cmd: preprocessCompute
  insize=7021 outsize=7023 ok=1
Cmd: preprocessCompute
  insize=7453 outsize=7455 ok=1
Cmd: compileComputeKernel
  api=4 insize=7455 outsize=6522 ok=1
Cmd: preprocess
  insize=38141 outsize=633 ok=1
Cmd: preprocessCompute
  insize=5428 outsize=5430 ok=1
Cmd: compileComputeKernel
  api=4 insize=5430 outsize=955 ok=1
Cmd: preprocessCompute
  insize=4871 outsize=4873 ok=1
Cmd: compileComputeKernel
  api=4 insize=4873 outsize=1210 ok=1
Cmd: preprocess
  insize=38193 outsize=620 ok=1
Cmd: preprocessCompute
  insize=7657 outsize=7659 ok=1
Cmd: compileComputeKernel
  api=4 insize=7659 outsize=2648 ok=1
Cmd: preprocessCompute
  insize=7363 outsize=7365 ok=1
Cmd: compileComputeKernel
  api=4 insize=7365 outsize=1900 ok=1
Cmd: preprocessCompute
  insize=7842 outsize=7844 ok=1
Cmd: preprocessCompute
  insize=7311 outsize=7313 ok=1
Cmd: compileComputeKernel
  api=4 insize=7313 outsize=3846 ok=1
Cmd: preprocess
  insize=39266 outsize=621 ok=1
Cmd: preprocessCompute
  insize=7631 outsize=7633 ok=1
Cmd: compileComputeKernel
  api=4 insize=7633 outsize=2508 ok=1
Cmd: preprocessCompute
  insize=9759 outsize=9761 ok=1
Cmd: compileComputeKernel
  api=4 insize=9761 outsize=6526 ok=1
Cmd: preprocess
  insize=41118 outsize=633 ok=1
Cmd: preprocessCompute
  insize=1979 outsize=1981 ok=1
Cmd: compileComputeKernel
  api=4 insize=1981 outsize=1398 ok=1
Cmd: preprocessCompute
  insize=7112 outsize=7114 ok=1
Cmd: compileComputeKernel
  api=4 insize=7114 outsize=2490 ok=1
Cmd: preprocessCompute
  insize=7301 outsize=7303 ok=1
Cmd: compileComputeKernel
  api=4 insize=7303 outsize=7589 ok=1
Cmd: preprocess
  insize=40431 outsize=621 ok=1
Cmd: preprocessCompute
  insize=7112 outsize=7114 ok=1
Cmd: preprocessCompute
  insize=7301 outsize=7303 ok=1
Cmd: preprocess
  insize=40431 outsize=621 ok=1
Cmd: preprocessCompute
  insize=7112 outsize=7114 ok=1
Cmd: preprocessCompute
  insize=7301 outsize=7303 ok=1
Cmd: preprocess
  insize=40431 outsize=621 ok=1
Cmd: compileSnippet
  api=4 type=0 insize=3912 outsize=1490 kw= pd=UNITY_ENABLE_REFLECTION_BUFFERS UNITY_USE_DITHER_MASK_FOR_ALPHABLENDED_SHADOWS UNITY_PBS_USE_BRDF1 UNITY_SPECCUBE_BOX_PROJECTION UNITY_SPECCUBE_BLENDING UNITY_ENABLE_DETAIL_NORMALMAP SHADER_API_DESKTOP UNITY_LIGHT_PROBE_PROXY_VOLUME UNITY_LIGHTMAP_FULL_HDR ok=1
Cmd: compileSnippet
  api=4 type=1 insize=3912 outsize=1502 kw= pd=UNITY_ENABLE_REFLECTION_BUFFERS UNITY_USE_DITHER_MASK_FOR_ALPHABLENDED_SHADOWS UNITY_PBS_USE_BRDF1 UNITY_SPECCUBE_BOX_PROJECTION UNITY_SPECCUBE_BLENDING UNITY_ENABLE_DETAIL_NORMALMAP SHADER_API_DESKTOP UNITY_LIGHT_PROBE_PROXY_VOLUME UNITY_LIGHTMAP_FULL_HDR ok=1
Cmd: compileSnippet
  api=4 type=0 insize=3555 outsize=1358 kw= pd=UNITY_ENABLE_REFLECTION_BUFFERS UNITY_USE_DITHER_MASK_FOR_ALPHABLENDED_SHADOWS UNITY_PBS_USE_BRDF1 UNITY_SPECCUBE_BOX_PROJECTION UNITY_SPECCUBE_BLENDING UNITY_ENABLE_DETAIL_NORMALMAP SHADER_API_DESKTOP UNITY_LIGHT_PROBE_PROXY_VOLUME UNITY_LIGHTMAP_FULL_HDR ok=1
Cmd: compileSnippet
  api=4 type=1 insize=3555 outsize=1046 kw= pd=UNITY_ENABLE_REFLECTION_BUFFERS UNITY_USE_DITHER_MASK_FOR_ALPHABLENDED_SHADOWS UNITY_PBS_USE_BRDF1 UNITY_SPECCUBE_BOX_PROJECTION UNITY_SPECCUBE_BLENDING UNITY_ENABLE_DETAIL_NORMALMAP SHADER_API_DESKTOP UNITY_LIGHT_PROBE_PROXY_VOLUME UNITY_LIGHTMAP_FULL_HDR ok=1
Cmd: preprocessCompute
  insize=6933 outsize=6935 ok=1
Cmd: compileComputeKernel
  api=4 insize=6935 outsize=2135 ok=1
Cmd: preprocessCompute
  insize=7187 outsize=7189 ok=1
Cmd: compileComputeKernel
  api=4 insize=7189 outsize=6942 ok=1
Cmd: preprocess
  insize=40496 outsize=622 ok=1
Cmd: preprocessCompute
  insize=7930 outsize=7932 ok=1
Cmd: compileComputeKernel
  api=4 insize=7932 outsize=2621 ok=1
Cmd: preprocessCompute
  insize=10625 outsize=10627 ok=1
Cmd: compileComputeKernel
  api=4 insize=10627 outsize=9683 ok=1
Cmd: preprocessCompute
  insize=7021 outsize=7023 ok=1
Cmd: preprocessCompute
  insize=7417 outsize=7419 ok=1
Cmd: compileComputeKernel
  api=4 insize=7419 outsize=7885 ok=1
Cmd: preprocess
  insize=37981 outsize=634 ok=1
Cmd: preprocessCompute
  insize=5487 outsize=5489 ok=1
Cmd: compileComputeKernel
  api=4 insize=5489 outsize=1065 ok=1
Cmd: preprocessCompute
  insize=4871 outsize=4873 ok=1
Cmd: preprocess
  insize=38193 outsize=620 ok=1
Cmd: preprocessCompute
  insize=7658 outsize=7660 ok=1
Cmd: compileComputeKernel
  api=4 insize=7660 outsize=2924 ok=1
Cmd: preprocessCompute
  insize=7335 outsize=7337 ok=1
Cmd: compileComputeKernel
  api=4 insize=7337 outsize=1942 ok=1
Cmd: preprocessCompute
  insize=8050 outsize=8052 ok=1
Cmd: compileComputeKernel
  api=4 insize=8052 outsize=3579 ok=1
Cmd: preprocessCompute
  insize=7315 outsize=7317 ok=1
Cmd: compileComputeKernel
  api=4 insize=7317 outsize=5137 ok=1
Cmd: preprocess
  insize=39266 outsize=621 ok=1
Cmd: preprocessCompute
  insize=7669 outsize=7671 ok=1
Cmd: compileComputeKernel
  api=4 insize=7671 outsize=2848 ok=1
Cmd: preprocessCompute
  insize=10147 outsize=10149 ok=1
Cmd: compileComputeKernel
  api=4 insize=10149 outsize=8752 ok=1
Cmd: preprocess
  insize=41097 outsize=633 ok=1
Cmd: preprocessCompute
  insize=1979 outsize=1981 ok=1
Cmd: compileSnippet
  api=4 type=0 insize=21786 outsize=4314 kw= pd=UNITY_ENABLE_REFLECTION_BUFFERS UNITY_USE_DITHER_MASK_FOR_ALPHABLENDED_SHADOWS UNITY_PBS_USE_BRDF1 UNITY_SPECCUBE_BOX_PROJECTION UNITY_SPECCUBE_BLENDING UNITY_ENABLE_DETAIL_NORMALMAP SHADER_API_DESKTOP UNITY_LIGHT_PROBE_PROXY_VOLUME UNITY_LIGHTMAP_FULL_HDR ok=1
Cmd: compileSnippet
  api=4 type=1 insize=21786 outsize=15310 kw= pd=UNITY_ENABLE_REFLECTION_BUFFERS UNITY_USE_DITHER_MASK_FOR_ALPHABLENDED_SHADOWS UNITY_PBS_USE_BRDF1 UNITY_SPECCUBE_BOX_PROJECTION UNITY_SPECCUBE_BLENDING UNITY_ENABLE_DETAIL_NORMALMAP SHADER_API_DESKTOP UNITY_LIGHT_PROBE_PROXY_VOLUME UNITY_LIGHTMAP_FULL_HDR ok=1
Cmd: compileSnippet
  api=4 type=0 insize=21914 outsize=2118 kw= pd=UNITY_ENABLE_REFLECTION_BUFFERS UNITY_USE_DITHER_MASK_FOR_ALPHABLENDED_SHADOWS UNITY_PBS_USE_BRDF1 UNITY_SPECCUBE_BOX_PROJECTION UNITY_SPECCUBE_BLENDING UNITY_ENABLE_DETAIL_NORMALMAP SHADER_API_DESKTOP UNITY_LIGHT_PROBE_PROXY_VOLUME UNITY_LIGHTMAP_FULL_HDR ok=1
Cmd: compileSnippet
  api=4 type=1 insize=21914 outsize=7470 kw= pd=UNITY_ENABLE_REFLECTION_BUFFERS UNITY_USE_DITHER_MASK_FOR_ALPHABLENDED_SHADOWS UNITY_PBS_USE_BRDF1 UNITY_SPECCUBE_BOX_PROJECTION UNITY_SPECCUBE_BLENDING UNITY_ENABLE_DETAIL_NORMALMAP SHADER_API_DESKTOP UNITY_LIGHT_PROBE_PROXY_VOLUME UNITY_LIGHTMAP_FULL_HDR ok=1
Cmd: compileSnippet
  api=4 type=0 insize=22451 outsize=2954 kw= pd=UNITY_ENABLE_REFLECTION_BUFFERS UNITY_USE_DITHER_MASK_FOR_ALPHABLENDED_SHADOWS UNITY_PBS_USE_BRDF1 UNITY_SPECCUBE_BOX_PROJECTION UNITY_SPECCUBE_BLENDING UNITY_ENABLE_DETAIL_NORMALMAP SHADER_API_DESKTOP UNITY_LIGHT_PROBE_PROXY_VOLUME UNITY_LIGHTMAP_FULL_HDR ok=1
Cmd: compileSnippet
  api=4 type=1 insize=22451 outsize=7470 kw= pd=UNITY_ENABLE_REFLECTION_BUFFERS UNITY_USE_DITHER_MASK_FOR_ALPHABLENDED_SHADOWS UNITY_PBS_USE_BRDF1 UNITY_SPECCUBE_BOX_PROJECTION UNITY_SPECCUBE_BLENDING UNITY_ENABLE_DETAIL_NORMALMAP SHADER_API_DESKTOP UNITY_LIGHT_PROBE_PROXY_VOLUME UNITY_LIGHTMAP_FULL_HDR ok=1
Cmd: compileSnippet
  api=4 type=0 insize=23437 outsize=3722 kw= pd=UNITY_ENABLE_REFLECTION_BUFFERS UNITY_USE_DITHER_MASK_FOR_ALPHABLENDED_SHADOWS UNITY_PBS_USE_BRDF1 UNITY_SPECCUBE_BOX_PROJECTION UNITY_SPECCUBE_BLENDING UNITY_ENABLE_DETAIL_NORMALMAP SHADER_API_DESKTOP UNITY_LIGHT_PROBE_PROXY_VOLUME UNITY_LIGHTMAP_FULL_HDR ok=1
Cmd: compileSnippet
  api=4 type=1 insize=23437 outsize=15310 kw= pd=UNITY_ENABLE_REFLECTION_BUFFERS UNITY_USE_DITHER_MASK_FOR_ALPHABLENDED_SHADOWS UNITY_PBS_USE_BRDF1 UNITY_SPECCUBE_BOX_PROJECTION UNITY_SPECCUBE_BLENDING UNITY_ENABLE_DETAIL_NORMALMAP SHADER_API_DESKTOP UNITY_LIGHT_PROBE_PROXY_VOLUME UNITY_LIGHTMAP_FULL_HDR ok=1
Cmd: preprocess
  insize=811 outsize=209 ok=1
Cmd: preprocess
  insize=811 outsize=209 ok=1
Cmd: preprocess
  insize=811 outsize=209 ok=1
Cmd: preprocess
  insize=811 outsize=209 ok=1
Cmd: preprocess
  insize=811 outsize=209 ok=1
Cmd: preprocess
  insize=811 outsize=209 ok=1
Cmd: preprocess
  insize=811 outsize=209 ok=1
Cmd: preprocess
  insize=811 outsize=209 ok=1
Cmd: preprocess
  insize=811 outsize=209 ok=1
Cmd: preprocess
  insize=811 outsize=209 ok=1
Cmd: preprocess
  insize=4795 outsize=525 ok=1
Cmd: preprocess
  insize=4471 outsize=530 ok=1
Cmd: preprocess
  insize=101046 outsize=3697 ok=1
Cmd: preprocess
  insize=5504 outsize=525 ok=1
Cmd: preprocess
  insize=3647 outsize=522 ok=1
Cmd: preprocess
  insize=3917 outsize=532 ok=1
Cmd: preprocess
  insize=213244 outsize=7395 ok=1
Cmd: preprocess
  insize=811 outsize=209 ok=1
Cmd: preprocess
  insize=811 outsize=209 ok=1
Cmd: preprocess
  insize=811 outsize=209 ok=1
Cmd: preprocess
  insize=811 outsize=209 ok=1
Cmd: preprocess
  insize=811 outsize=209 ok=1
Cmd: preprocess
  insize=811 outsize=209 ok=1
Cmd: preprocess
  insize=811 outsize=209 ok=1
Cmd: preprocess
  insize=811 outsize=209 ok=1
Cmd: preprocess
  insize=811 outsize=209 ok=1
Cmd: preprocess
  insize=811 outsize=209 ok=1
Cmd: preprocess
  insize=811 outsize=209 ok=1
Cmd: preprocess
  insize=4795 outsize=525 ok=1
Cmd: preprocess
  insize=4471 outsize=530 ok=1
Cmd: preprocess
  insize=101872 outsize=3696 ok=1
Cmd: preprocess
  insize=5789 outsize=525 ok=1
Cmd: preprocess
  insize=3932 outsize=522 ok=1
Cmd: preprocess
  insize=3917 outsize=532 ok=1
Cmd: preprocess
  insize=3475 outsize=525 ok=1
Cmd: preprocess
  insize=213244 outsize=7398 ok=1
Cmd: preprocess
  insize=811 outsize=209 ok=1
Cmd: preprocess
  insize=811 outsize=209 ok=1
Cmd: preprocess
  insize=811 outsize=209 ok=1
Cmd: preprocess
  insize=811 outsize=209 ok=1
Cmd: preprocess
  insize=811 outsize=209 ok=1
Cmd: preprocess
  insize=811 outsize=209 ok=1
Cmd: preprocess
  insize=811 outsize=209 ok=1
Cmd: preprocess
  insize=811 outsize=209 ok=1
Cmd: preprocess
  insize=811 outsize=209 ok=1
Cmd: preprocess
  insize=811 outsize=209 ok=1
Cmd: preprocess
  insize=4795 outsize=525 ok=1
Cmd: preprocess
  insize=4471 outsize=530 ok=1
Cmd: preprocess
  insize=101046 outsize=3696 ok=1
Cmd: preprocess
  insize=5504 outsize=525 ok=1
Cmd: preprocess
  insize=3647 outsize=522 ok=1
Cmd: preprocess
  insize=3917 outsize=532 ok=1
Cmd: preprocess
  insize=3647 outsize=522 ok=1
Cmd: preprocess
  insize=5504 outsize=525 ok=1
Cmd: preprocess
  insize=101046 outsize=3697 ok=1
Cmd: preprocess
  insize=213226 outsize=7386 ok=1
Cmd: preprocess
  insize=214255 outsize=7386 ok=1
Cmd: preprocess
  insize=213244 outsize=7398 ok=1
Cmd: preprocessCompute
  insize=7930 outsize=7932 ok=1
Cmd: preprocessCompute
  insize=10625 outsize=10627 ok=1
Cmd: preprocessCompute
  insize=7021 outsize=7023 ok=1
Cmd: preprocessCompute
  insize=7417 outsize=7419 ok=1
Cmd: preprocess
  insize=37981 outsize=634 ok=1
Cmd: preprocessCompute
  insize=5487 outsize=5489 ok=1
Cmd: preprocessCompute
  insize=4871 outsize=4873 ok=1
Cmd: preprocess
  insize=38193 outsize=620 ok=1
Cmd: preprocessCompute
  insize=7658 outsize=7660 ok=1
Cmd: preprocessCompute
  insize=7335 outsize=7337 ok=1
Cmd: preprocessCompute
  insize=8050 outsize=8052 ok=1
Cmd: preprocessCompute
  insize=7315 outsize=7317 ok=1
Cmd: preprocess
  insize=39266 outsize=621 ok=1
Cmd: preprocessCompute
  insize=7669 outsize=7671 ok=1
Cmd: preprocessCompute
  insize=10147 outsize=10149 ok=1
Cmd: preprocess
  insize=41097 outsize=633 ok=1
Cmd: preprocessCompute
  insize=1979 outsize=1981 ok=1
Cmd: preprocessCompute
  insize=6933 outsize=6935 ok=1
Cmd: preprocessCompute
  insize=7187 outsize=7189 ok=1
Cmd: preprocess
  insize=40496 outsize=622 ok=1
Cmd: preprocessCompute
  insize=7930 outsize=7932 ok=1
Cmd: preprocessCompute
  insize=10625 outsize=10627 ok=1
Cmd: preprocessCompute
  insize=7021 outsize=7023 ok=1
Cmd: preprocessCompute
  insize=7417 outsize=7419 ok=1
Cmd: preprocess
  insize=37981 outsize=634 ok=1
Cmd: preprocessCompute
  insize=5487 outsize=5489 ok=1
Cmd: preprocessCompute
  insize=4871 outsize=4873 ok=1
Cmd: preprocess
  insize=38193 outsize=620 ok=1
Cmd: preprocessCompute
  insize=7658 outsize=7660 ok=1
Cmd: preprocessCompute
  insize=7335 outsize=7337 ok=1
Cmd: preprocessCompute
  insize=8050 outsize=8052 ok=1
Cmd: preprocessCompute
  insize=7315 outsize=7317 ok=1
Cmd: preprocess
  insize=39266 outsize=621 ok=1
Cmd: preprocessCompute
  insize=7669 outsize=7671 ok=1
Cmd: preprocessCompute
  insize=10147 outsize=10149 ok=1
Cmd: preprocess
  insize=41097 outsize=633 ok=1
Cmd: preprocessCompute
  insize=1979 outsize=1981 ok=1
Cmd: preprocessCompute
  insize=7930 outsize=7932 ok=1
Cmd: preprocessCompute
  insize=10625 outsize=10627 ok=1
Cmd: preprocessCompute
  insize=7021 outsize=7023 ok=1
Cmd: preprocessCompute
  insize=7417 outsize=7419 ok=1
Cmd: preprocess
  insize=37981 outsize=634 ok=1
Cmd: preprocessCompute
  insize=5487 outsize=5489 ok=1
Cmd: preprocessCompute
  insize=4871 outsize=4873 ok=1
Cmd: preprocess
  insize=38193 outsize=620 ok=1
Cmd: preprocessCompute
  insize=7658 outsize=7660 ok=1
Cmd: preprocessCompute
  insize=7335 outsize=7337 ok=1
Cmd: preprocessCompute
  insize=8050 outsize=8052 ok=1
Cmd: preprocessCompute
  insize=7315 outsize=7317 ok=1
Cmd: preprocess
  insize=39266 outsize=621 ok=1
Cmd: preprocessCompute
  insize=7669 outsize=7671 ok=1
Cmd: preprocessCompute
  insize=10147 outsize=10149 ok=1
Cmd: preprocess
  insize=41097 outsize=633 ok=1
Cmd: preprocessCompute
  insize=1979 outsize=1981 ok=1
Cmd: preprocessCompute
  insize=7930 outsize=7932 ok=1
Cmd: preprocessCompute
  insize=10625 outsize=10627 ok=1
Cmd: preprocessCompute
  insize=7021 outsize=7023 ok=1
Cmd: preprocessCompute
  insize=7417 outsize=7419 ok=1
Cmd: preprocess
  insize=37981 outsize=634 ok=1
Cmd: preprocessCompute
  insize=5487 outsize=5489 ok=1
Cmd: preprocessCompute
  insize=4871 outsize=4873 ok=1
Cmd: preprocess
  insize=38193 outsize=620 ok=1
Cmd: preprocessCompute
  insize=7658 outsize=7660 ok=1
Cmd: preprocessCompute
  insize=7335 outsize=7337 ok=1
Cmd: preprocessCompute
  insize=8050 outsize=8052 ok=1
Cmd: preprocessCompute
  insize=7315 outsize=7317 ok=1
Cmd: preprocess
  insize=39266 outsize=621 ok=1
Cmd: preprocessCompute
  insize=7669 outsize=7671 ok=1
Cmd: preprocessCompute
  insize=10147 outsize=10149 ok=1
Cmd: preprocess
  insize=41097 outsize=633 ok=1
Cmd: preprocessCompute
  insize=1979 outsize=1981 ok=1
Cmd: preprocessCompute
  insize=7930 outsize=7932 ok=1
Cmd: preprocessCompute
  insize=10625 outsize=10627 ok=1
Cmd: preprocessCompute
  insize=7021 outsize=7023 ok=1
Cmd: preprocessCompute
  insize=7417 outsize=7419 ok=1
Cmd: preprocess
  insize=37981 outsize=634 ok=1
Cmd: preprocessCompute
  insize=5487 outsize=5489 ok=1
Cmd: preprocessCompute
  insize=4871 outsize=4873 ok=1
Cmd: preprocess
  insize=38193 outsize=620 ok=1
Cmd: preprocessCompute
  insize=7658 outsize=7660 ok=1
Cmd: preprocessCompute
  insize=7335 outsize=7337 ok=1
Cmd: preprocessCompute
  insize=8050 outsize=8052 ok=1
Cmd: preprocessCompute
  insize=7315 outsize=7317 ok=1
Cmd: preprocess
  insize=39266 outsize=621 ok=1
Cmd: preprocessCompute
  insize=7669 outsize=7671 ok=1
Cmd: preprocessCompute
  insize=10147 outsize=10149 ok=1
Cmd: preprocess
  insize=41097 outsize=633 ok=1
Cmd: preprocessCompute
  insize=1979 outsize=1981 ok=1
Cmd: preprocessCompute
  insize=7930 outsize=7932 ok=1
Cmd: preprocessCompute
  insize=10625 outsize=10627 ok=1
Cmd: preprocessCompute
  insize=7021 outsize=7023 ok=1
Cmd: preprocessCompute
  insize=7417 outsize=7419 ok=1
Cmd: preprocess
  insize=37981 outsize=634 ok=1
Cmd: preprocessCompute
  insize=5487 outsize=5489 ok=1
Cmd: preprocessCompute
  insize=4871 outsize=4873 ok=1
Cmd: preprocess
  insize=38193 outsize=620 ok=1
Cmd: preprocessCompute
  insize=7658 outsize=7660 ok=1
Cmd: preprocessCompute
  insize=7335 outsize=7337 ok=1
Cmd: preprocessCompute
  insize=8050 outsize=8052 ok=1
Cmd: preprocessCompute
  insize=7315 outsize=7317 ok=1
Cmd: preprocess
  insize=39266 outsize=621 ok=1
Cmd: preprocessCompute
  insize=7669 outsize=7671 ok=1
Cmd: preprocessCompute
  insize=10147 outsize=10149 ok=1
Cmd: preprocess
  insize=41097 outsize=633 ok=1
Cmd: preprocessCompute
  insize=1979 outsize=1981 ok=1
Cmd: preprocessCompute
  insize=7930 outsize=7932 ok=1
Cmd: preprocessCompute
  insize=10625 outsize=10627 ok=1
Cmd: preprocessCompute
  insize=7021 outsize=7023 ok=1
Cmd: preprocessCompute
  insize=7417 outsize=7419 ok=1
Cmd: preprocess
  insize=37981 outsize=634 ok=1
Cmd: preprocessCompute
  insize=5487 outsize=5489 ok=1
Cmd: preprocessCompute
  insize=4871 outsize=4873 ok=1
Cmd: preprocess
  insize=38193 outsize=620 ok=1
Cmd: preprocessCompute
  insize=7658 outsize=7660 ok=1
Cmd: preprocessCompute
  insize=7335 outsize=7337 ok=1
Cmd: preprocessCompute
  insize=8050 outsize=8052 ok=1
Cmd: preprocessCompute
  insize=7315 outsize=7317 ok=1
Cmd: preprocess
  insize=39266 outsize=621 ok=1
Cmd: preprocessCompute
  insize=7669 outsize=7671 ok=1
Cmd: preprocessCompute
  insize=10147 outsize=10149 ok=1
Cmd: preprocess
  insize=41097 outsize=633 ok=1
Cmd: preprocessCompute
  insize=1979 outsize=1981 ok=1
Cmd: preprocessCompute
  insize=7930 outsize=7932 ok=1
Cmd: preprocessCompute
  insize=10625 outsize=10627 ok=1
Cmd: preprocessCompute
  insize=7021 outsize=7023 ok=1
Cmd: preprocessCompute
  insize=7417 outsize=7419 ok=1
Cmd: preprocess
  insize=37981 outsize=634 ok=1
Cmd: preprocessCompute
  insize=5487 outsize=5489 ok=1
Cmd: preprocessCompute
  insize=4871 outsize=4873 ok=1
Cmd: preprocess
  insize=38193 outsize=620 ok=1
Cmd: preprocessCompute
  insize=7658 outsize=7660 ok=1
Cmd: preprocessCompute
  insize=7335 outsize=7337 ok=1
Cmd: preprocessCompute
  insize=8050 outsize=8052 ok=1
Cmd: preprocessCompute
  insize=7315 outsize=7317 ok=1
Cmd: preprocess
  insize=39266 outsize=621 ok=1
Cmd: preprocessCompute
  insize=7669 outsize=7671 ok=1
Cmd: preprocessCompute
  insize=10147 outsize=10149 ok=1
Cmd: preprocess
  insize=41097 outsize=633 ok=1
Cmd: preprocessCompute
  insize=1979 outsize=1981 ok=1
Cmd: preprocessCompute
  insize=7930 outsize=7932 ok=1
Cmd: preprocessCompute
  insize=10625 outsize=10627 ok=1
Cmd: preprocessCompute
  insize=7021 outsize=7023 ok=1
Cmd: preprocessCompute
  insize=7417 outsize=7419 ok=1
Cmd: preprocess
  insize=37981 outsize=634 ok=1
Cmd: preprocessCompute
  insize=5487 outsize=5489 ok=1
Cmd: preprocessCompute
  insize=4871 outsize=4873 ok=1
Cmd: preprocess
  insize=38193 outsize=620 ok=1
Cmd: preprocessCompute
  insize=7658 outsize=7660 ok=1
Cmd: preprocessCompute
  insize=7335 outsize=7337 ok=1
Cmd: preprocessCompute
  insize=8050 outsize=8052 ok=1
Cmd: preprocessCompute
  insize=7315 outsize=7317 ok=1
Cmd: preprocess
  insize=39266 outsize=621 ok=1
Cmd: preprocessCompute
  insize=7669 outsize=7671 ok=1
Cmd: preprocessCompute
  insize=10147 outsize=10149 ok=1
Cmd: preprocess
  insize=41097 outsize=633 ok=1
Cmd: preprocessCompute
  insize=1979 outsize=1981 ok=1
